<?xml version="1.0" encoding="UTF-8"?>
<!-- Generated by org.testng.reporters.JUnitXMLReporter -->
<testsuite ignored="0" hostname="BUNNY" failures="0" tests="3" name="ChromeTest" time="44.723" errors="0" timestamp="2025-08-26T16:24:21 IST">
  <testcase classname="pack1.Lab3PartOfLab9" name="test" time="2.986"/>
  <testcase classname="pack1.Lab4PartOfLab9" name="testFlow" time="5.211"/>
  <testcase classname="pack1.TC11CrossBrowSeparate" name="openSite" time="1.132"/>
</testsuite> <!-- ChromeTest -->
