<?xml version="1.0" encoding="UTF-8"?>
<!-- Generated by org.testng.reporters.JUnitXMLReporter -->
<testsuite ignored="0" hostname="BUNNY" failures="0" tests="3" name="FirefoxTest" time="52.451" errors="0" timestamp="2025-08-26T16:24:29 IST">
  <testcase classname="pack1.Lab3PartOfLab9" name="test" time="3.515"/>
  <testcase classname="pack1.Lab4PartOfLab9" name="testFlow" time="3.101"/>
  <testcase classname="pack1.TC11CrossBrowSeparate" name="openSite" time="0.958"/>
</testsuite> <!-- FirefoxTest -->
