<?xml version="1.0" encoding="UTF-8"?>
<testng-results ignored="0" total="1" passed="1" failed="0" skipped="0">
  <reporter-output>
  </reporter-output>
  <suite started-at="2025-08-29T15:37:59 IST" name="Default suite" finished-at="2025-08-29T15:38:09 IST" duration-ms="10489">
    <groups>
    </groups>
    <test started-at="2025-08-29T15:37:59 IST" name="Default test" finished-at="2025-08-29T15:38:09 IST" duration-ms="10489">
      <class name="com.orangehrm.test.Login_Orangehrm">
        <test-method is-config="true" signature="setupreport()[pri:0, instance:com.orangehrm.test.Login_Orangehrm@5e5d171f]" started-at="2025-08-29T15:37:58 IST" name="setupreport" finished-at="2025-08-29T15:37:59 IST" duration-ms="319" status="PASS">
          <reporter-output>
          </reporter-output>
        </test-method> <!-- setupreport -->
        <test-method is-config="true" signature="setup()[pri:0, instance:com.orangehrm.test.Login_Orangehrm@5e5d171f]" started-at="2025-08-29T15:37:59 IST" name="setup" finished-at="2025-08-29T15:38:02 IST" duration-ms="2346" status="PASS">
          <reporter-output>
          </reporter-output>
        </test-method> <!-- setup -->
        <test-method signature="verifylogin(java.lang.String,java.lang.String)[pri:0, instance:com.orangehrm.test.Login_Orangehrm@5e5d171f]" started-at="2025-08-29T15:38:02 IST" name="verifylogin" data-provider="logindata" finished-at="2025-08-29T15:38:09 IST" duration-ms="6707" status="PASS">
          <params>
            <param index="0">
              <value>
                <![CDATA[Admin]]>
              </value>
            </param>
            <param index="1">
              <value>
                <![CDATA[admin123]]>
              </value>
            </param>
          </params>
          <reporter-output>
          </reporter-output>
        </test-method> <!-- verifylogin -->
        <test-method is-config="true" signature="teardown()[pri:0, instance:com.orangehrm.test.Login_Orangehrm@5e5d171f]" started-at="2025-08-29T15:38:09 IST" name="teardown" finished-at="2025-08-29T15:38:09 IST" duration-ms="579" status="PASS">
          <reporter-output>
          </reporter-output>
        </test-method> <!-- teardown -->
        <test-method is-config="true" signature="flushreport()[pri:0, instance:com.orangehrm.test.Login_Orangehrm@5e5d171f]" started-at="2025-08-29T15:38:09 IST" name="flushreport" finished-at="2025-08-29T15:38:10 IST" duration-ms="364" status="PASS">
          <reporter-output>
          </reporter-output>
        </test-method> <!-- flushreport -->
      </class> <!-- com.orangehrm.test.Login_Orangehrm -->
    </test> <!-- Default test -->
  </suite> <!-- Default suite -->
</testng-results>
